<?xml version="1.0" encoding="UTF-8"?>
<!-- Generated by org.testng.reporters.JUnitXMLReporter -->
<testsuite ignored="0" hostname="DESKTOP-OBUN33D" failures="0" tests="6" name="Default test" time="130.671" errors="0" timestamp="2023-05-20T16:31:42 AST">
  <testcase classname="TestCases" name="LogIn" time="4.407"/>
  <testcase classname="TestCases" name="ADD_ONLY_DEVICES_THAT_ARE_SAMSUNG" time="26.88"/>
  <testcase classname="TestCases" name="RANDOMLY_ADD3_PHONES" time="26.619"/>
  <testcase classname="TestCases" name="RANDOMLY_ADD2_LAPTOPS" time="19.595"/>
  <testcase classname="TestCases" name="RANDOMLY_ADD1_MONITOR" time="16.117"/>
  <testcase classname="TestCases" name="checkOutProcess" time="35.68"/>
</testsuite> <!-- Default test -->
