<?xml version="1.0" encoding="UTF-8"?>
<testng-results ignored="0" total="6" passed="6" failed="0" skipped="0">
  <reporter-output>
  </reporter-output>
  <suite started-at="2023-05-20T16:29:31 AST" name="Default suite" finished-at="2023-05-20T16:31:41 AST" duration-ms="130671">
    <groups>
    </groups>
    <test started-at="2023-05-20T16:29:31 AST" name="Default test" finished-at="2023-05-20T16:31:41 AST" duration-ms="130671">
      <class name="TestCases">
        <test-method is-config="true" signature="BeforeTest()[pri:0, instance:TestCases@1286528d]" started-at="2023-05-20T16:29:31 AST" name="BeforeTest" finished-at="2023-05-20T16:29:32 AST" duration-ms="1315" status="PASS">
          <reporter-output>
          </reporter-output>
        </test-method> <!-- BeforeTest -->
        <test-method signature="LogIn()[pri:1, instance:TestCases@1286528d]" started-at="2023-05-20T16:29:32 AST" name="LogIn" finished-at="2023-05-20T16:29:37 AST" duration-ms="4407" status="PASS">
          <reporter-output>
          </reporter-output>
        </test-method> <!-- LogIn -->
        <test-method signature="ADD_ONLY_DEVICES_THAT_ARE_SAMSUNG()[pri:2, instance:TestCases@1286528d]" started-at="2023-05-20T16:29:37 AST" name="ADD_ONLY_DEVICES_THAT_ARE_SAMSUNG" finished-at="2023-05-20T16:30:03 AST" duration-ms="26880" status="PASS">
          <reporter-output>
          </reporter-output>
        </test-method> <!-- ADD_ONLY_DEVICES_THAT_ARE_SAMSUNG -->
        <test-method signature="RANDOMLY_ADD3_PHONES()[pri:3, instance:TestCases@1286528d]" started-at="2023-05-20T16:30:03 AST" name="RANDOMLY_ADD3_PHONES" finished-at="2023-05-20T16:30:30 AST" duration-ms="26619" status="PASS">
          <reporter-output>
          </reporter-output>
        </test-method> <!-- RANDOMLY_ADD3_PHONES -->
        <test-method signature="RANDOMLY_ADD2_LAPTOPS()[pri:4, instance:TestCases@1286528d]" started-at="2023-05-20T16:30:30 AST" name="RANDOMLY_ADD2_LAPTOPS" finished-at="2023-05-20T16:30:50 AST" duration-ms="19595" status="PASS">
          <reporter-output>
          </reporter-output>
        </test-method> <!-- RANDOMLY_ADD2_LAPTOPS -->
        <test-method signature="RANDOMLY_ADD1_MONITOR()[pri:5, instance:TestCases@1286528d]" started-at="2023-05-20T16:30:50 AST" name="RANDOMLY_ADD1_MONITOR" finished-at="2023-05-20T16:31:06 AST" duration-ms="16117" status="PASS">
          <reporter-output>
          </reporter-output>
        </test-method> <!-- RANDOMLY_ADD1_MONITOR -->
        <test-method signature="checkOutProcess()[pri:6, instance:TestCases@1286528d]" started-at="2023-05-20T16:31:06 AST" name="checkOutProcess" finished-at="2023-05-20T16:31:41 AST" duration-ms="35680" status="PASS">
          <reporter-output>
          </reporter-output>
        </test-method> <!-- checkOutProcess -->
        <test-method is-config="true" signature="AfterTest()[pri:0, instance:TestCases@1286528d]" started-at="2023-05-20T16:31:41 AST" name="AfterTest" finished-at="2023-05-20T16:31:41 AST" duration-ms="1" status="PASS">
          <reporter-output>
          </reporter-output>
        </test-method> <!-- AfterTest -->
      </class> <!-- TestCases -->
    </test> <!-- Default test -->
  </suite> <!-- Default suite -->
</testng-results>
